[   10714ms] [WARNING] [resolveWireframe] has encountered an unknown element type Lucide.Waveform. It will be replaced with a div element. @ https://app.flowstep.ai/assets/index-D4bXWi0q.js:104
[   10716ms] [WARNING] [resolveWireframe] has encountered an unknown element type Lucide.Github. It will be replaced with a div element. @ https://app.flowstep.ai/assets/index-D4bXWi0q.js:104
[   10716ms] [WARNING] [resolveWireframe] has encountered an unknown element type Lucide.Chrome. It will be replaced with a div element. @ https://app.flowstep.ai/assets/index-D4bXWi0q.js:104
[   10968ms] [WARNING] [resolveWireframe] has encountered an unknown element type Lucide.Waveform. It will be replaced with a div element. @ https://app.flowstep.ai/assets/index-D4bXWi0q.js:104
[   10971ms] [WARNING] [resolveWireframe] has encountered an unknown element type Lucide.Github. It will be replaced with a div element. @ https://app.flowstep.ai/assets/index-D4bXWi0q.js:104
[   10971ms] [WARNING] [resolveWireframe] has encountered an unknown element type Lucide.Chrome. It will be replaced with a div element. @ https://app.flowstep.ai/assets/index-D4bXWi0q.js:104
[   11087ms] [WARNING] [resolveWireframe] has encountered an unknown element type Lucide.Waveform. It will be replaced with a div element. @ https://app.flowstep.ai/assets/index-D4bXWi0q.js:104
[   11088ms] [WARNING] [resolveWireframe] has encountered an unknown element type Lucide.Github. It will be replaced with a div element. @ https://app.flowstep.ai/assets/index-D4bXWi0q.js:104
[   11088ms] [WARNING] [resolveWireframe] has encountered an unknown element type Lucide.Chrome. It will be replaced with a div element. @ https://app.flowstep.ai/assets/index-D4bXWi0q.js:104
[   85466ms] [WARNING] [resolveWireframe] has encountered an unknown element type Lucide.Waveform. It will be replaced with a div element. @ https://app.flowstep.ai/assets/index-D4bXWi0q.js:104
[   85467ms] [WARNING] [resolveWireframe] has encountered an unknown element type Lucide.Github. It will be replaced with a div element. @ https://app.flowstep.ai/assets/index-D4bXWi0q.js:104
[   85467ms] [WARNING] [resolveWireframe] has encountered an unknown element type Lucide.Chrome. It will be replaced with a div element. @ https://app.flowstep.ai/assets/index-D4bXWi0q.js:104
[  718698ms] [WARNING] [resolveWireframe] has encountered an unknown element type Lucide.Waveform. It will be replaced with a div element. @ https://app.flowstep.ai/assets/index-D4bXWi0q.js:104
[  718701ms] [WARNING] [resolveWireframe] has encountered an unknown element type Lucide.Github. It will be replaced with a div element. @ https://app.flowstep.ai/assets/index-D4bXWi0q.js:104
[  718702ms] [WARNING] [resolveWireframe] has encountered an unknown element type Lucide.Chrome. It will be replaced with a div element. @ https://app.flowstep.ai/assets/index-D4bXWi0q.js:104
[ 2361916ms] [WARNING] [resolveWireframe] has encountered an unknown element type Lucide.Youtube. It will be replaced with a div element. @ https://app.flowstep.ai/assets/index-D4bXWi0q.js:104
[ 2366553ms] [ASSERT] Ids should not be reused between original and edited screen, as otherwise we might get ID clashes when merging @ https://app.flowstep.ai/assets/index-D4bXWi0q.js:104
[ 2366555ms] [ASSERT] Ids should not be reused between original and edited screen, as otherwise we might get ID clashes when merging @ https://app.flowstep.ai/assets/index-D4bXWi0q.js:104
[ 2366555ms] [ASSERT] Ids should not be reused between original and edited screen, as otherwise we might get ID clashes when merging @ https://app.flowstep.ai/assets/index-D4bXWi0q.js:104
[ 2366555ms] [ASSERT] Ids should not be reused between original and edited screen, as otherwise we might get ID clashes when merging @ https://app.flowstep.ai/assets/index-D4bXWi0q.js:104
[ 2366555ms] [ASSERT] Ids should not be reused between original and edited screen, as otherwise we might get ID clashes when merging @ https://app.flowstep.ai/assets/index-D4bXWi0q.js:104
[ 2366555ms] [ASSERT] Ids should not be reused between original and edited screen, as otherwise we might get ID clashes when merging @ https://app.flowstep.ai/assets/index-D4bXWi0q.js:104
