[     171ms] [INFO] %cDownload the React DevTools for a better development experience: https://react.dev/link/react-devtools font-weight:bold @ http://localhost:5173/node_modules/.vite/deps/react-dom_client.js?v=4030009e:14335
[  226891ms] [INFO] %cDownload the React DevTools for a better development experience: https://react.dev/link/react-devtools font-weight:bold @ http://localhost:5173/node_modules/.vite/deps/react-dom_client.js?v=4030009e:14335
[  245497ms] [INFO] %cDownload the React DevTools for a better development experience: https://react.dev/link/react-devtools font-weight:bold @ http://localhost:5173/node_modules/.vite/deps/react-dom_client.js?v=4030009e:14335
[  261189ms] [INFO] %cDownload the React DevTools for a better development experience: https://react.dev/link/react-devtools font-weight:bold @ http://localhost:5173/node_modules/.vite/deps/react-dom_client.js?v=4030009e:14335
[  276196ms] [INFO] %cDownload the React DevTools for a better development experience: https://react.dev/link/react-devtools font-weight:bold @ http://localhost:5173/node_modules/.vite/deps/react-dom_client.js?v=4030009e:14335
[  288736ms] [INFO] %cDownload the React DevTools for a better development experience: https://react.dev/link/react-devtools font-weight:bold @ http://localhost:5173/node_modules/.vite/deps/react-dom_client.js?v=4030009e:14335
[  297851ms] [INFO] %cDownload the React DevTools for a better development experience: https://react.dev/link/react-devtools font-weight:bold @ http://localhost:5173/node_modules/.vite/deps/react-dom_client.js?v=4030009e:14335
[  307988ms] [INFO] %cDownload the React DevTools for a better development experience: https://react.dev/link/react-devtools font-weight:bold @ http://localhost:5173/node_modules/.vite/deps/react-dom_client.js?v=4030009e:14335
[  323242ms] [INFO] %cDownload the React DevTools for a better development experience: https://react.dev/link/react-devtools font-weight:bold @ http://localhost:5173/node_modules/.vite/deps/react-dom_client.js?v=4030009e:14335
[  337464ms] [INFO] %cDownload the React DevTools for a better development experience: https://react.dev/link/react-devtools font-weight:bold @ http://localhost:5173/node_modules/.vite/deps/react-dom_client.js?v=4030009e:14335
[  380548ms] [LOG] [TimelineEditor] Attaching native wheel listener to wheelArea @ http://localhost:5173/src/components/timeline/timeline-editor.tsx?t=1782909913948:413
[  389081ms] [INFO] %cDownload the React DevTools for a better development experience: https://react.dev/link/react-devtools font-weight:bold @ http://localhost:5173/node_modules/.vite/deps/react-dom_client.js?v=4030009e:14335
[  389273ms] [WARNING] [TimelineEditor] wheelAreaRef not ready @ http://localhost:5173/@vite/client:524
[  389276ms] [WARNING] [TimelineEditor] wheelAreaRef not ready @ http://localhost:5173/@vite/client:524
[  398008ms] [INFO] %cDownload the React DevTools for a better development experience: https://react.dev/link/react-devtools font-weight:bold @ http://localhost:5173/node_modules/.vite/deps/react-dom_client.js?v=4030009e:14335
[  398155ms] [WARNING] [TimelineEditor] wheelAreaRef not ready @ http://localhost:5173/@vite/client:524
[  398155ms] [WARNING] [TimelineEditor] wheelAreaRef not ready @ http://localhost:5173/@vite/client:524
[  434699ms] [LOG] [TimelineEditor] Attaching native wheel listener to wheelArea @ http://localhost:5173/src/components/timeline/timeline-editor.tsx?t=1782909968043:413
[  439906ms] [ERROR] The final argument passed to %s changed size between renders. The order and size of this array must remain constant.

Previous: %s
Incoming: %s useEffect [(e) => {
		if (e.ctrlKey || e.metaKey) {
			e.preventDefault();
			e.stopPropagation();
			const delta = -e.deltaY * .05;
			const container = containerRef.current;
			if (!container) return;
			const cr = container.getBoundingClientRect();
			const mouseX = e.clientX - cr.left;
			const currentViewTime = (scrollLeftRef.current + mouseX) / zoomRef.current;
			const newZoom = Math.max(MIN_ZOOM, Math.min(MAX_ZOOM, zoomRef.current + delta * zoomRef.current));
			const newScrollLeft = currentViewTime * newZoom - mouseX;
			setZoomState(newZoom);
			setScrollLeftState(Math.max(0, newScrollLeft));
		} else if (e.shiftKey) {
			e.preventDefault();
			e.stopPropagation();
			setScrollLeftState((prev) => Math.max(0, prev + e.deltaY));
		}
	}] [(e) => {
		if (e.ctrlKey || e.metaKey) {
			e.preventDefault();
			e.stopPropagation();
			const delta = -e.deltaY * .05;
			const container = containerRef.current;
			if (!container) return;
			const cr = container.getBoundingClientRect();
			const mouseX = e.clientX - cr.left;
			const currentViewTime = (scrollLeftRef.current + mouseX) / zoomRef.current;
			const newZoom = Math.max(MIN_ZOOM, Math.min(MAX_ZOOM, zoomRef.current + delta * zoomRef.current));
			const newScrollLeft = currentViewTime * newZoom - mouseX;
			setZoomState(newZoom);
			setScrollLeftState(Math.max(0, newScrollLeft));
		} else if (e.shiftKey) {
			e.preventDefault();
			e.stopPropagation();
			setScrollLeftState((prev) => Math.max(0, prev + e.deltaY));
		}
	}, false] @ http://localhost:5173/@vite/client:524
[  439927ms] [LOG] [TimelineEditor] Removing native wheel listener @ http://localhost:5173/src/components/timeline/timeline-editor.tsx?t=1782909968043:416
[  448012ms] [INFO] %cDownload the React DevTools for a better development experience: https://react.dev/link/react-devtools font-weight:bold @ http://localhost:5173/node_modules/.vite/deps/react-dom_client.js?v=4030009e:14335
[  454105ms] [ERROR] WebSocket connection to 'ws://localhost:5173/?token=Zk2eZ9XA0eV4' failed:  @ http://localhost:5173/@vite/client:864
[  454106ms] [LOG] [vite] server connection lost. Polling for restart... @ http://localhost:5173/@vite/client:992
[  456580ms] [INFO] %cDownload the React DevTools for a better development experience: https://react.dev/link/react-devtools font-weight:bold @ http://localhost:5173/node_modules/.vite/deps/react-dom_client.js?v=4030009e:14335
[  464290ms] [INFO] %cDownload the React DevTools for a better development experience: https://react.dev/link/react-devtools font-weight:bold @ http://localhost:5173/node_modules/.vite/deps/react-dom_client.js?v=4030009e:14335
[  497592ms] [INFO] %cDownload the React DevTools for a better development experience: https://react.dev/link/react-devtools font-weight:bold @ http://localhost:5173/node_modules/.vite/deps/react-dom_client.js?v=4030009e:14335
[  508148ms] [ERROR] The final argument passed to %s changed size between renders. The order and size of this array must remain constant.

Previous: %s
Incoming: %s useEffect [(e) => {
		if (e.ctrlKey || e.metaKey) {
			e.preventDefault();
			e.stopPropagation();
			const delta = -e.deltaY * .05;
			const container = containerRef.current;
			if (!container) return;
			const cr = container.getBoundingClientRect();
			const mouseX = e.clientX - cr.left;
			const currentViewTime = (scrollLeftRef.current + mouseX) / zoomRef.current;
			const newZoom = Math.max(MIN_ZOOM, Math.min(MAX_ZOOM, zoomRef.current + delta * zoomRef.current));
			const newScrollLeft = currentViewTime * newZoom - mouseX;
			setZoomState(newZoom);
			setScrollLeftState(Math.max(0, newScrollLeft));
		} else if (e.shiftKey) {
			e.preventDefault();
			e.stopPropagation();
			setScrollLeftState((prev) => Math.max(0, prev + e.deltaY));
		}
	}, false] [(e) => {
		if (e.ctrlKey || e.metaKey) {
			e.preventDefault();
			e.stopPropagation();
			const delta = -e.deltaY * .05;
			const container = containerRef.current;
			if (!container) return;
			const cr = container.getBoundingClientRect();
			const mouseX = e.clientX - cr.left;
			const currentViewTime = (scrollLeftRef.current + mouseX) / zoomRef.current;
			const newZoom = Math.max(MIN_ZOOM, Math.min(MAX_ZOOM, zoomRef.current + delta * zoomRef.current));
			const newScrollLeft = currentViewTime * newZoom - mouseX;
			setZoomState(newZoom);
			setScrollLeftState(Math.max(0, newScrollLeft));
		} else if (e.shiftKey) {
			e.preventDefault();
			e.stopPropagation();
			setScrollLeftState((prev) => Math.max(0, prev + e.deltaY));
		}
	}, false, [object Object]] @ http://localhost:5173/@vite/client:524
[  518533ms] [INFO] %cDownload the React DevTools for a better development experience: https://react.dev/link/react-devtools font-weight:bold @ http://localhost:5173/node_modules/.vite/deps/react-dom_client.js?v=4030009e:14335
[  532522ms] [INFO] %cDownload the React DevTools for a better development experience: https://react.dev/link/react-devtools font-weight:bold @ http://localhost:5173/node_modules/.vite/deps/react-dom_client.js?v=4030009e:14335
[  631301ms] [ERROR] WebSocket connection to 'ws://localhost:5173/?token=NpCMTkj_TsL0' failed:  @ http://localhost:5173/@vite/client:864
[  631303ms] [LOG] [vite] server connection lost. Polling for restart... @ http://localhost:5173/@vite/client:992
[  633096ms] [INFO] %cDownload the React DevTools for a better development experience: https://react.dev/link/react-devtools font-weight:bold @ http://localhost:5173/node_modules/.vite/deps/react-dom_client.js?v=4030009e:14335
[  646382ms] [LOG] [vite] server connection lost. Polling for restart... @ http://localhost:5173/@vite/client:992
[  891985ms] [INFO] %cDownload the React DevTools for a better development experience: https://react.dev/link/react-devtools font-weight:bold @ http://localhost:5173/node_modules/.vite/deps/react-dom_client.js?v=8f6d4fbd:14335
[ 1200588ms] [ERROR] Failed to load resource: the server responded with a status of 500 (Internal Server Error) @ http://localhost:5173/src/stores/transcript-store.ts:0
[ 1200589ms] [ERROR] [vite] Failed to reload /src/pages/editor/transcript-panel.tsx. This could be due to syntax errors or importing non-existent modules. (see errors above) @ http://localhost:5173/@vite/client:928
[ 1206499ms] [ERROR] Failed to load resource: the server responded with a status of 500 (Internal Server Error) @ http://localhost:5173/src/stores/transcript-store.ts:0
[ 1218178ms] [ERROR] Failed to load resource: the server responded with a status of 500 (Internal Server Error) @ http://localhost:5173/src/stores/transcript-store.ts?t=1782910750720:0
[ 1223444ms] [INFO] %cDownload the React DevTools for a better development experience: https://react.dev/link/react-devtools font-weight:bold @ http://localhost:5173/node_modules/.vite/deps/react-dom_client.js?v=8f6d4fbd:14335
[ 1230988ms] [INFO] %cDownload the React DevTools for a better development experience: https://react.dev/link/react-devtools font-weight:bold @ http://localhost:5173/node_modules/.vite/deps/react-dom_client.js?v=8f6d4fbd:14335
[ 1321618ms] [INFO] %cDownload the React DevTools for a better development experience: https://react.dev/link/react-devtools font-weight:bold @ http://localhost:5173/node_modules/.vite/deps/react-dom_client.js?v=8f6d4fbd:14335
[ 1388106ms] [INFO] %cDownload the React DevTools for a better development experience: https://react.dev/link/react-devtools font-weight:bold @ http://localhost:5173/node_modules/.vite/deps/react-dom_client.js?v=8f6d4fbd:14335
[ 1605861ms] [INFO] %cDownload the React DevTools for a better development experience: https://react.dev/link/react-devtools font-weight:bold @ http://localhost:5173/node_modules/.vite/deps/react-dom_client.js?v=8f6d4fbd:14335
[ 1660875ms] [INFO] %cDownload the React DevTools for a better development experience: https://react.dev/link/react-devtools font-weight:bold @ http://localhost:5173/node_modules/.vite/deps/react-dom_client.js?v=8f6d4fbd:14335
[ 1696285ms] [ERROR] WebSocket connection to 'ws://localhost:5173/?token=oQWXOUBtEXJD' failed:  @ http://localhost:5173/@vite/client:864
[ 1696286ms] [LOG] [vite] server connection lost. Polling for restart... @ http://localhost:5173/@vite/client:992
[ 1699223ms] [INFO] %cDownload the React DevTools for a better development experience: https://react.dev/link/react-devtools font-weight:bold @ http://localhost:5173/node_modules/.vite/deps/react-dom_client.js?v=738052d6:14335
[ 1711379ms] [LOG] [vite] server connection lost. Polling for restart... @ http://localhost:5173/@vite/client:992
