[     740ms] [INFO] %cDownload the React DevTools for a better development experience: https://react.dev/link/react-devtools font-weight:bold @ http://localhost:5173/node_modules/.vite/deps/react-dom_client.js?v=4030009e:14335
[   11492ms] [ERROR] Unable to preventDefault inside passive event listener invocation. @ http://localhost:5173/node_modules/.vite/deps/react-dom_client.js?v=4030009e:2114
[   62100ms] [ERROR] React has detected a change in the order of Hooks called by %s. This will lead to bugs and errors if not fixed. For more information, read the Rules of Hooks: https://react.dev/link/rules-of-hooks

   Previous render            Next render
   ------------------------------------------------------
%s   ^^^^^^^^^^^^^^^^^^^^^^^^^^^^^^^^^^^^^^^^^^^^^^^^^^^^^^
 TimelineEditor 1. useCallback                useCallback
2. useCallback                useCallback
3. useSyncExternalStore       useSyncExternalStore
4. useDebugValue              useDebugValue
5. useCallback                useCallback
6. useCallback                useCallback
7. useSyncExternalStore       useSyncExternalStore
8. useDebugValue              useDebugValue
9. useCallback                useCallback
10. useCallback               useCallback
11. useSyncExternalStore      useSyncExternalStore
12. useDebugValue             useDebugValue
13. useState                  useState
14. useState                  useState
15. useState                  useState
16. useState                  useState
17. useState                  useState
18. useState                  useState
19. useState                  useState
20. useState                  useState
21. useState                  useState
22. useState                  useState
23. useRef                    useRef
24. useRef                    useRef
25. useRef                    useRef
26. useRef                    useRef
27. useCallback               useRef
 @ http://localhost:5173/@vite/client:524
[   62114ms] Error: Rendered more hooks than during the previous render.
    at updateWorkInProgressHook (http://localhost:5173/node_modules/.vite/deps/react-dom_client.js?v=4030009e:4327:12)
    at updateEffectImpl (http://localhost:5173/node_modules/.vite/deps/react-dom_client.js?v=4030009e:4851:15)
    at Object.useEffect (http://localhost:5173/node_modules/.vite/deps/react-dom_client.js?v=4030009e:13251:5)
    at exports.useEffect (http://localhost:5173/node_modules/.vite/deps/react.js?v=4030009e:716:31)
    at TimelineEditor (http://localhost:5173/src/components/timeline/timeline-editor.tsx?t=1782909388282:393:2)
    at Object.react_stack_bottom_frame (http://localhost:5173/node_modules/.vite/deps/react-dom_client.js?v=4030009e:12866:12)
    at renderWithHooks (http://localhost:5173/node_modules/.vite/deps/react-dom_client.js?v=4030009e:4213:19)
    at updateFunctionComponent (http://localhost:5173/node_modules/.vite/deps/react-dom_client.js?v=4030009e:5569:16)
    at beginWork (http://localhost:5173/node_modules/.vite/deps/react-dom_client.js?v=4030009e:6140:20)
    at runWithFiberInDEV (http://localhost:5173/node_modules/.vite/deps/react-dom_client.js?v=4030009e:851:66)
[   62114ms] [WARNING] %s

%s
 An error occurred in the <TimelineEditor> component. Consider adding an error boundary to your tree to customize error handling behavior.
Visit https://react.dev/link/error-boundaries to learn more about error boundaries. @ http://localhost:5173/@vite/client:524
[   73319ms] Error: Rendered more hooks than during the previous render.
    at updateWorkInProgressHook (http://localhost:5173/node_modules/.vite/deps/react-dom_client.js?v=4030009e:4327:12)
    at updateCallback (http://localhost:5173/node_modules/.vite/deps/react-dom_client.js?v=4030009e:4921:15)
    at Object.useCallback (http://localhost:5173/node_modules/.vite/deps/react-dom_client.js?v=4030009e:13241:12)
    at exports.useCallback (http://localhost:5173/node_modules/.vite/deps/react.js?v=4030009e:701:31)
    at TimelineEditor (http://localhost:5173/src/components/timeline/timeline-editor.tsx?t=1782909399519:410:22)
    at Object.react_stack_bottom_frame (http://localhost:5173/node_modules/.vite/deps/react-dom_client.js?v=4030009e:12866:12)
    at renderWithHooks (http://localhost:5173/node_modules/.vite/deps/react-dom_client.js?v=4030009e:4213:19)
    at updateFunctionComponent (http://localhost:5173/node_modules/.vite/deps/react-dom_client.js?v=4030009e:5569:16)
    at beginWork (http://localhost:5173/node_modules/.vite/deps/react-dom_client.js?v=4030009e:6140:20)
    at runWithFiberInDEV (http://localhost:5173/node_modules/.vite/deps/react-dom_client.js?v=4030009e:851:66)
[   73318ms] [WARNING] %s

%s
 An error occurred in the <TimelineEditor> component. Consider adding an error boundary to your tree to customize error handling behavior.
Visit https://react.dev/link/error-boundaries to learn more about error boundaries. @ http://localhost:5173/@vite/client:524
[  107876ms] [INFO] %cDownload the React DevTools for a better development experience: https://react.dev/link/react-devtools font-weight:bold @ http://localhost:5173/node_modules/.vite/deps/react-dom_client.js?v=4030009e:14335
[  119696ms] [ERROR] WebSocket connection to 'ws://localhost:5173/?token=qvjVx8YFRv3H' failed:  @ http://localhost:5173/@vite/client:864
[  119699ms] [LOG] [vite] server connection lost. Polling for restart... @ http://localhost:5173/@vite/client:992
[  120879ms] [INFO] %cDownload the React DevTools for a better development experience: https://react.dev/link/react-devtools font-weight:bold @ http://localhost:5173/node_modules/.vite/deps/react-dom_client.js?v=4030009e:14335
