[   11356ms] [WARNING] [resolveWireframe] has encountered an unknown element type Lucide.Waveform. It will be replaced with a div element. @ https://app.flowstep.ai/assets/index-D4bXWi0q.js:104
[   11358ms] [WARNING] [resolveWireframe] has encountered an unknown element type Lucide.Github. It will be replaced with a div element. @ https://app.flowstep.ai/assets/index-D4bXWi0q.js:104
[   11358ms] [WARNING] [resolveWireframe] has encountered an unknown element type Lucide.Chrome. It will be replaced with a div element. @ https://app.flowstep.ai/assets/index-D4bXWi0q.js:104
[   11471ms] [WARNING] [resolveWireframe] has encountered an unknown element type Lucide.Waveform. It will be replaced with a div element. @ https://app.flowstep.ai/assets/index-D4bXWi0q.js:104
[   11473ms] [WARNING] [resolveWireframe] has encountered an unknown element type Lucide.Github. It will be replaced with a div element. @ https://app.flowstep.ai/assets/index-D4bXWi0q.js:104
[   11473ms] [WARNING] [resolveWireframe] has encountered an unknown element type Lucide.Chrome. It will be replaced with a div element. @ https://app.flowstep.ai/assets/index-D4bXWi0q.js:104
[   11505ms] [WARNING] [resolveWireframe] has encountered an unknown element type Lucide.Waveform. It will be replaced with a div element. @ https://app.flowstep.ai/assets/index-D4bXWi0q.js:104
[   11506ms] [WARNING] [resolveWireframe] has encountered an unknown element type Lucide.Github. It will be replaced with a div element. @ https://app.flowstep.ai/assets/index-D4bXWi0q.js:104
[   11506ms] [WARNING] [resolveWireframe] has encountered an unknown element type Lucide.Chrome. It will be replaced with a div element. @ https://app.flowstep.ai/assets/index-D4bXWi0q.js:104
[   11643ms] [WARNING] [resolveWireframe] has encountered an unknown element type Lucide.Waveform. It will be replaced with a div element. @ https://app.flowstep.ai/assets/index-D4bXWi0q.js:104
[   11644ms] [WARNING] [resolveWireframe] has encountered an unknown element type Lucide.Github. It will be replaced with a div element. @ https://app.flowstep.ai/assets/index-D4bXWi0q.js:104
[   11644ms] [WARNING] [resolveWireframe] has encountered an unknown element type Lucide.Chrome. It will be replaced with a div element. @ https://app.flowstep.ai/assets/index-D4bXWi0q.js:104
[ 2566474ms] [WARNING] [resolveWireframe] has encountered an unknown element type Lucide.Youtube. It will be replaced with a div element. @ https://app.flowstep.ai/assets/index-D4bXWi0q.js:104
[ 2566603ms] [WARNING] [resolveWireframe] has encountered an unknown element type Lucide.Youtube. It will be replaced with a div element. @ https://app.flowstep.ai/assets/index-D4bXWi0q.js:104
[ 2566649ms] [WARNING] [resolveWireframe] has encountered an unknown element type Lucide.Youtube. It will be replaced with a div element. @ https://app.flowstep.ai/assets/index-D4bXWi0q.js:104
[ 2571371ms] [ASSERT] Ids should not be reused between original and edited screen, as otherwise we might get ID clashes when merging @ https://app.flowstep.ai/assets/index-D4bXWi0q.js:104
[ 2571372ms] [ASSERT] Ids should not be reused between original and edited screen, as otherwise we might get ID clashes when merging @ https://app.flowstep.ai/assets/index-D4bXWi0q.js:104
[ 2571372ms] [ASSERT] Ids should not be reused between original and edited screen, as otherwise we might get ID clashes when merging @ https://app.flowstep.ai/assets/index-D4bXWi0q.js:104
[ 2571372ms] [ASSERT] Ids should not be reused between original and edited screen, as otherwise we might get ID clashes when merging @ https://app.flowstep.ai/assets/index-D4bXWi0q.js:104
[ 2571372ms] [ASSERT] Ids should not be reused between original and edited screen, as otherwise we might get ID clashes when merging @ https://app.flowstep.ai/assets/index-D4bXWi0q.js:104
[ 2571372ms] [ASSERT] Ids should not be reused between original and edited screen, as otherwise we might get ID clashes when merging @ https://app.flowstep.ai/assets/index-D4bXWi0q.js:104
[ 3398104ms] [WARNING] [resolveWireframe] has encountered an unknown element type Lucide.Youtube. It will be replaced with a div element. @ https://app.flowstep.ai/assets/index-D4bXWi0q.js:104
