[   11234ms] [WARNING] [resolveWireframe] has encountered an unknown element type Lucide.Waveform. It will be replaced with a div element. @ https://app.flowstep.ai/assets/index-D4bXWi0q.js:104
[   11243ms] [WARNING] [resolveWireframe] has encountered an unknown element type Lucide.Github. It will be replaced with a div element. @ https://app.flowstep.ai/assets/index-D4bXWi0q.js:104
[   11244ms] [WARNING] [resolveWireframe] has encountered an unknown element type Lucide.Chrome. It will be replaced with a div element. @ https://app.flowstep.ai/assets/index-D4bXWi0q.js:104
[   12156ms] [WARNING] [resolveWireframe] has encountered an unknown element type Lucide.Waveform. It will be replaced with a div element. @ https://app.flowstep.ai/assets/index-D4bXWi0q.js:104
[   12157ms] [WARNING] [resolveWireframe] has encountered an unknown element type Lucide.Github. It will be replaced with a div element. @ https://app.flowstep.ai/assets/index-D4bXWi0q.js:104
[   12158ms] [WARNING] [resolveWireframe] has encountered an unknown element type Lucide.Chrome. It will be replaced with a div element. @ https://app.flowstep.ai/assets/index-D4bXWi0q.js:104
[   12241ms] [WARNING] [resolveWireframe] has encountered an unknown element type Lucide.Waveform. It will be replaced with a div element. @ https://app.flowstep.ai/assets/index-D4bXWi0q.js:104
[   12243ms] [WARNING] [resolveWireframe] has encountered an unknown element type Lucide.Github. It will be replaced with a div element. @ https://app.flowstep.ai/assets/index-D4bXWi0q.js:104
[   12244ms] [WARNING] [resolveWireframe] has encountered an unknown element type Lucide.Chrome. It will be replaced with a div element. @ https://app.flowstep.ai/assets/index-D4bXWi0q.js:104
[   13044ms] [WARNING] [resolveWireframe] has encountered an unknown element type Lucide.Waveform. It will be replaced with a div element. @ https://app.flowstep.ai/assets/index-D4bXWi0q.js:104
[   13045ms] [WARNING] [resolveWireframe] has encountered an unknown element type Lucide.Github. It will be replaced with a div element. @ https://app.flowstep.ai/assets/index-D4bXWi0q.js:104
[   13046ms] [WARNING] [resolveWireframe] has encountered an unknown element type Lucide.Chrome. It will be replaced with a div element. @ https://app.flowstep.ai/assets/index-D4bXWi0q.js:104
[  198432ms] [WARNING] Realtime connection issues on file (CHANNEL_ERROR); reconnecting in 1000ms @ https://app.flowstep.ai/assets/index-D4bXWi0q.js:104
[  202156ms] [ERROR] WebSocket connection to 'wss://nexus-websocket-a.intercom.io/pubsub/5-9Hifq3t-TgG-V-C_lFd2Ws1DK94AXoyFJqk0goZYlMiRiAlmSqOFG1DvcJdM28o5B2Ed5N8ahNuqUWGvQYDQMdwh_RNzkCErH_Ms?X-Nexus-New-Client=true&X-Nexus-Version=0.18.8&user_role=user' failed: Error in connection establishment: net::ERR_INTERNET_DISCONNECTED @ https://js.intercomcdn.com/vendor-modern.986effa0.js:1
[  204819ms] [ERROR] WebSocket connection to 'wss://nexus-websocket-a.intercom.io/pubsub/5-9Hifq3t-TgG-V-C_lFd2Ws1DK94AXoyFJqk0goZYlMiRiAlmSqOFG1DvcJdM28o5B2Ed5N8ahNuqUWGvQYDQMdwh_RNzkCErH_Ms?X-Nexus-New-Client=true&X-Nexus-Version=0.18.8&user_role=user' failed: Error in connection establishment: net::ERR_ADDRESS_UNREACHABLE @ https://js.intercomcdn.com/vendor-modern.986effa0.js:1
[  359694ms] [ERROR] Failed to load resource: net::ERR_NETWORK_CHANGED @ https://api.flowstep.ai/trpc/file.get?batch=1&input=%7B%220%22%3A%7B%22id%22%3A%225c78f392-4503-4bfa-9d57-cb640a34c7d8%22%7D%7D:0
[  363833ms] [WARNING] [resolveWireframe] has encountered an unknown element type Lucide.Waveform. It will be replaced with a div element. @ https://app.flowstep.ai/assets/index-D4bXWi0q.js:104
[  363837ms] [WARNING] [resolveWireframe] has encountered an unknown element type Lucide.Github. It will be replaced with a div element. @ https://app.flowstep.ai/assets/index-D4bXWi0q.js:104
[  363837ms] [WARNING] [resolveWireframe] has encountered an unknown element type Lucide.Chrome. It will be replaced with a div element. @ https://app.flowstep.ai/assets/index-D4bXWi0q.js:104
[  364077ms] [WARNING] [resolveWireframe] has encountered an unknown element type Lucide.Waveform. It will be replaced with a div element. @ https://app.flowstep.ai/assets/index-D4bXWi0q.js:104
[  364079ms] [WARNING] [resolveWireframe] has encountered an unknown element type Lucide.Github. It will be replaced with a div element. @ https://app.flowstep.ai/assets/index-D4bXWi0q.js:104
[  364080ms] [WARNING] [resolveWireframe] has encountered an unknown element type Lucide.Chrome. It will be replaced with a div element. @ https://app.flowstep.ai/assets/index-D4bXWi0q.js:104
[  364087ms] [WARNING] [resolveWireframe] has encountered an unknown element type Lucide.Waveform. It will be replaced with a div element. @ https://app.flowstep.ai/assets/index-D4bXWi0q.js:104
[  364089ms] [WARNING] [resolveWireframe] has encountered an unknown element type Lucide.Github. It will be replaced with a div element. @ https://app.flowstep.ai/assets/index-D4bXWi0q.js:104
[  364089ms] [WARNING] [resolveWireframe] has encountered an unknown element type Lucide.Chrome. It will be replaced with a div element. @ https://app.flowstep.ai/assets/index-D4bXWi0q.js:104
[  420918ms] [WARNING] [resolveWireframe] has encountered an unknown element type Lucide.Waveform. It will be replaced with a div element. @ https://app.flowstep.ai/assets/index-D4bXWi0q.js:104
[  420922ms] [WARNING] [resolveWireframe] has encountered an unknown element type Lucide.Github. It will be replaced with a div element. @ https://app.flowstep.ai/assets/index-D4bXWi0q.js:104
[  420922ms] [WARNING] [resolveWireframe] has encountered an unknown element type Lucide.Chrome. It will be replaced with a div element. @ https://app.flowstep.ai/assets/index-D4bXWi0q.js:104
[  421083ms] [WARNING] [resolveWireframe] has encountered an unknown element type Lucide.Waveform. It will be replaced with a div element. @ https://app.flowstep.ai/assets/index-D4bXWi0q.js:104
[  421084ms] [WARNING] [resolveWireframe] has encountered an unknown element type Lucide.Github. It will be replaced with a div element. @ https://app.flowstep.ai/assets/index-D4bXWi0q.js:104
[  421084ms] [WARNING] [resolveWireframe] has encountered an unknown element type Lucide.Chrome. It will be replaced with a div element. @ https://app.flowstep.ai/assets/index-D4bXWi0q.js:104
[  421090ms] [WARNING] [resolveWireframe] has encountered an unknown element type Lucide.Waveform. It will be replaced with a div element. @ https://app.flowstep.ai/assets/index-D4bXWi0q.js:104
[  421091ms] [WARNING] [resolveWireframe] has encountered an unknown element type Lucide.Github. It will be replaced with a div element. @ https://app.flowstep.ai/assets/index-D4bXWi0q.js:104
[  421091ms] [WARNING] [resolveWireframe] has encountered an unknown element type Lucide.Chrome. It will be replaced with a div element. @ https://app.flowstep.ai/assets/index-D4bXWi0q.js:104
