[   11664ms] [WARNING] [resolveWireframe] has encountered an unknown element type Lucide.Youtube. It will be replaced with a div element. @ https://app.flowstep.ai/assets/index-BoFqQf8U.js:104
[   11789ms] [WARNING] [resolveWireframe] has encountered an unknown element type Lucide.Waveform. It will be replaced with a div element. @ https://app.flowstep.ai/assets/index-BoFqQf8U.js:104
[   11796ms] [WARNING] [resolveWireframe] has encountered an unknown element type Lucide.Github. It will be replaced with a div element. @ https://app.flowstep.ai/assets/index-BoFqQf8U.js:104
[   11797ms] [WARNING] [resolveWireframe] has encountered an unknown element type Lucide.Chrome. It will be replaced with a div element. @ https://app.flowstep.ai/assets/index-BoFqQf8U.js:104
[   13044ms] [WARNING] [resolveWireframe] has encountered an unknown element type Lucide.Youtube. It will be replaced with a div element. @ https://app.flowstep.ai/assets/index-BoFqQf8U.js:104
[   13173ms] [WARNING] [resolveWireframe] has encountered an unknown element type Lucide.Waveform. It will be replaced with a div element. @ https://app.flowstep.ai/assets/index-BoFqQf8U.js:104
[   13176ms] [WARNING] [resolveWireframe] has encountered an unknown element type Lucide.Github. It will be replaced with a div element. @ https://app.flowstep.ai/assets/index-BoFqQf8U.js:104
[   13176ms] [WARNING] [resolveWireframe] has encountered an unknown element type Lucide.Chrome. It will be replaced with a div element. @ https://app.flowstep.ai/assets/index-BoFqQf8U.js:104
[   13437ms] [WARNING] [resolveWireframe] has encountered an unknown element type Lucide.Youtube. It will be replaced with a div element. @ https://app.flowstep.ai/assets/index-BoFqQf8U.js:104
[   13662ms] [WARNING] [resolveWireframe] has encountered an unknown element type Lucide.Waveform. It will be replaced with a div element. @ https://app.flowstep.ai/assets/index-BoFqQf8U.js:104
[   13665ms] [WARNING] [resolveWireframe] has encountered an unknown element type Lucide.Github. It will be replaced with a div element. @ https://app.flowstep.ai/assets/index-BoFqQf8U.js:104
[   13666ms] [WARNING] [resolveWireframe] has encountered an unknown element type Lucide.Chrome. It will be replaced with a div element. @ https://app.flowstep.ai/assets/index-BoFqQf8U.js:104
[   14068ms] [WARNING] [resolveWireframe] has encountered an unknown element type Lucide.Waveform. It will be replaced with a div element. @ https://app.flowstep.ai/assets/index-BoFqQf8U.js:104
[   14070ms] [WARNING] [resolveWireframe] has encountered an unknown element type Lucide.Github. It will be replaced with a div element. @ https://app.flowstep.ai/assets/index-BoFqQf8U.js:104
[   14070ms] [WARNING] [resolveWireframe] has encountered an unknown element type Lucide.Chrome. It will be replaced with a div element. @ https://app.flowstep.ai/assets/index-BoFqQf8U.js:104
[   14116ms] [WARNING] [resolveWireframe] has encountered an unknown element type Lucide.Youtube. It will be replaced with a div element. @ https://app.flowstep.ai/assets/index-BoFqQf8U.js:104
[   14585ms] [WARNING] [resolveWireframe] has encountered an unknown element type Lucide.Waveform. It will be replaced with a div element. @ https://app.flowstep.ai/assets/index-BoFqQf8U.js:104
[   14588ms] [WARNING] [resolveWireframe] has encountered an unknown element type Lucide.Github. It will be replaced with a div element. @ https://app.flowstep.ai/assets/index-BoFqQf8U.js:104
[   14588ms] [WARNING] [resolveWireframe] has encountered an unknown element type Lucide.Chrome. It will be replaced with a div element. @ https://app.flowstep.ai/assets/index-BoFqQf8U.js:104
[   14730ms] [WARNING] [resolveWireframe] has encountered an unknown element type Lucide.Youtube. It will be replaced with a div element. @ https://app.flowstep.ai/assets/index-BoFqQf8U.js:104
[  297804ms] [WARNING] Realtime send() is automatically falling back to REST API. This behavior will be deprecated in the future. Please use httpSend() explicitly for REST delivery. @ https://app.flowstep.ai/assets/index-BoFqQf8U.js:104
[  298000ms] [WARNING] Realtime send() is automatically falling back to REST API. This behavior will be deprecated in the future. Please use httpSend() explicitly for REST delivery. @ https://app.flowstep.ai/assets/index-BoFqQf8U.js:104
[  298316ms] [WARNING] Realtime send() is automatically falling back to REST API. This behavior will be deprecated in the future. Please use httpSend() explicitly for REST delivery. @ https://app.flowstep.ai/assets/index-BoFqQf8U.js:104
[  298432ms] [WARNING] Realtime send() is automatically falling back to REST API. This behavior will be deprecated in the future. Please use httpSend() explicitly for REST delivery. @ https://app.flowstep.ai/assets/index-BoFqQf8U.js:104
[  298548ms] [WARNING] Realtime send() is automatically falling back to REST API. This behavior will be deprecated in the future. Please use httpSend() explicitly for REST delivery. @ https://app.flowstep.ai/assets/index-BoFqQf8U.js:104
[  298667ms] [WARNING] Realtime send() is automatically falling back to REST API. This behavior will be deprecated in the future. Please use httpSend() explicitly for REST delivery. @ https://app.flowstep.ai/assets/index-BoFqQf8U.js:104
[  298816ms] [WARNING] Realtime send() is automatically falling back to REST API. This behavior will be deprecated in the future. Please use httpSend() explicitly for REST delivery. @ https://app.flowstep.ai/assets/index-BoFqQf8U.js:104
[  298932ms] [WARNING] Realtime send() is automatically falling back to REST API. This behavior will be deprecated in the future. Please use httpSend() explicitly for REST delivery. @ https://app.flowstep.ai/assets/index-BoFqQf8U.js:104
[  299049ms] [WARNING] Realtime send() is automatically falling back to REST API. This behavior will be deprecated in the future. Please use httpSend() explicitly for REST delivery. @ https://app.flowstep.ai/assets/index-BoFqQf8U.js:104
[  299388ms] [WARNING] Realtime send() is automatically falling back to REST API. This behavior will be deprecated in the future. Please use httpSend() explicitly for REST delivery. @ https://app.flowstep.ai/assets/index-BoFqQf8U.js:104
[  299502ms] [WARNING] Realtime send() is automatically falling back to REST API. This behavior will be deprecated in the future. Please use httpSend() explicitly for REST delivery. @ https://app.flowstep.ai/assets/index-BoFqQf8U.js:104
[  299615ms] [WARNING] Realtime send() is automatically falling back to REST API. This behavior will be deprecated in the future. Please use httpSend() explicitly for REST delivery. @ https://app.flowstep.ai/assets/index-BoFqQf8U.js:104
[  299905ms] [WARNING] Realtime send() is automatically falling back to REST API. This behavior will be deprecated in the future. Please use httpSend() explicitly for REST delivery. @ https://app.flowstep.ai/assets/index-BoFqQf8U.js:104
[  300021ms] [WARNING] Realtime send() is automatically falling back to REST API. This behavior will be deprecated in the future. Please use httpSend() explicitly for REST delivery. @ https://app.flowstep.ai/assets/index-BoFqQf8U.js:104
[  300131ms] [WARNING] Realtime send() is automatically falling back to REST API. This behavior will be deprecated in the future. Please use httpSend() explicitly for REST delivery. @ https://app.flowstep.ai/assets/index-BoFqQf8U.js:104
[  300567ms] [WARNING] Realtime send() is automatically falling back to REST API. This behavior will be deprecated in the future. Please use httpSend() explicitly for REST delivery. @ https://app.flowstep.ai/assets/index-BoFqQf8U.js:104
[  300682ms] [WARNING] Realtime send() is automatically falling back to REST API. This behavior will be deprecated in the future. Please use httpSend() explicitly for REST delivery. @ https://app.flowstep.ai/assets/index-BoFqQf8U.js:104
[  300800ms] [WARNING] Realtime send() is automatically falling back to REST API. This behavior will be deprecated in the future. Please use httpSend() explicitly for REST delivery. @ https://app.flowstep.ai/assets/index-BoFqQf8U.js:104
[  314311ms] [WARNING] Realtime send() is automatically falling back to REST API. This behavior will be deprecated in the future. Please use httpSend() explicitly for REST delivery. @ https://app.flowstep.ai/assets/index-BoFqQf8U.js:104
[  314720ms] [WARNING] Realtime send() is automatically falling back to REST API. This behavior will be deprecated in the future. Please use httpSend() explicitly for REST delivery. @ https://app.flowstep.ai/assets/index-BoFqQf8U.js:104
[  315032ms] [WARNING] Realtime send() is automatically falling back to REST API. This behavior will be deprecated in the future. Please use httpSend() explicitly for REST delivery. @ https://app.flowstep.ai/assets/index-BoFqQf8U.js:104
[  315149ms] [WARNING] Realtime send() is automatically falling back to REST API. This behavior will be deprecated in the future. Please use httpSend() explicitly for REST delivery. @ https://app.flowstep.ai/assets/index-BoFqQf8U.js:104
[  315264ms] [WARNING] Realtime send() is automatically falling back to REST API. This behavior will be deprecated in the future. Please use httpSend() explicitly for REST delivery. @ https://app.flowstep.ai/assets/index-BoFqQf8U.js:104
[  315381ms] [WARNING] Realtime send() is automatically falling back to REST API. This behavior will be deprecated in the future. Please use httpSend() explicitly for REST delivery. @ https://app.flowstep.ai/assets/index-BoFqQf8U.js:104
[  315499ms] [WARNING] Realtime send() is automatically falling back to REST API. This behavior will be deprecated in the future. Please use httpSend() explicitly for REST delivery. @ https://app.flowstep.ai/assets/index-BoFqQf8U.js:104
[  315701ms] [WARNING] Realtime send() is automatically falling back to REST API. This behavior will be deprecated in the future. Please use httpSend() explicitly for REST delivery. @ https://app.flowstep.ai/assets/index-BoFqQf8U.js:104
[  315817ms] [WARNING] Realtime send() is automatically falling back to REST API. This behavior will be deprecated in the future. Please use httpSend() explicitly for REST delivery. @ https://app.flowstep.ai/assets/index-BoFqQf8U.js:104
[  315932ms] [WARNING] Realtime send() is automatically falling back to REST API. This behavior will be deprecated in the future. Please use httpSend() explicitly for REST delivery. @ https://app.flowstep.ai/assets/index-BoFqQf8U.js:104
[  320038ms] [WARNING] Realtime send() is automatically falling back to REST API. This behavior will be deprecated in the future. Please use httpSend() explicitly for REST delivery. @ https://app.flowstep.ai/assets/index-BoFqQf8U.js:104
[  320149ms] [WARNING] Realtime send() is automatically falling back to REST API. This behavior will be deprecated in the future. Please use httpSend() explicitly for REST delivery. @ https://app.flowstep.ai/assets/index-BoFqQf8U.js:104
[  320860ms] [WARNING] Realtime send() is automatically falling back to REST API. This behavior will be deprecated in the future. Please use httpSend() explicitly for REST delivery. @ https://app.flowstep.ai/assets/index-BoFqQf8U.js:104
[  321679ms] [WARNING] Realtime send() is automatically falling back to REST API. This behavior will be deprecated in the future. Please use httpSend() explicitly for REST delivery. @ https://app.flowstep.ai/assets/index-BoFqQf8U.js:104
[  322032ms] [WARNING] Realtime send() is automatically falling back to REST API. This behavior will be deprecated in the future. Please use httpSend() explicitly for REST delivery. @ https://app.flowstep.ai/assets/index-BoFqQf8U.js:104
[  322187ms] [WARNING] Realtime send() is automatically falling back to REST API. This behavior will be deprecated in the future. Please use httpSend() explicitly for REST delivery. @ https://app.flowstep.ai/assets/index-BoFqQf8U.js:104
[  322299ms] [WARNING] Realtime send() is automatically falling back to REST API. This behavior will be deprecated in the future. Please use httpSend() explicitly for REST delivery. @ https://app.flowstep.ai/assets/index-BoFqQf8U.js:104
[  322660ms] [WARNING] Realtime send() is automatically falling back to REST API. This behavior will be deprecated in the future. Please use httpSend() explicitly for REST delivery. @ https://app.flowstep.ai/assets/index-BoFqQf8U.js:104
[  322769ms] [WARNING] Realtime send() is automatically falling back to REST API. This behavior will be deprecated in the future. Please use httpSend() explicitly for REST delivery. @ https://app.flowstep.ai/assets/index-BoFqQf8U.js:104
[  322885ms] [WARNING] Realtime send() is automatically falling back to REST API. This behavior will be deprecated in the future. Please use httpSend() explicitly for REST delivery. @ https://app.flowstep.ai/assets/index-BoFqQf8U.js:104
[  323002ms] [WARNING] Realtime send() is automatically falling back to REST API. This behavior will be deprecated in the future. Please use httpSend() explicitly for REST delivery. @ https://app.flowstep.ai/assets/index-BoFqQf8U.js:104
[  323118ms] [WARNING] Realtime send() is automatically falling back to REST API. This behavior will be deprecated in the future. Please use httpSend() explicitly for REST delivery. @ https://app.flowstep.ai/assets/index-BoFqQf8U.js:104
[  323235ms] [WARNING] Realtime send() is automatically falling back to REST API. This behavior will be deprecated in the future. Please use httpSend() explicitly for REST delivery. @ https://app.flowstep.ai/assets/index-BoFqQf8U.js:104
[  323352ms] [WARNING] Realtime send() is automatically falling back to REST API. This behavior will be deprecated in the future. Please use httpSend() explicitly for REST delivery. @ https://app.flowstep.ai/assets/index-BoFqQf8U.js:104
[  323468ms] [WARNING] Realtime send() is automatically falling back to REST API. This behavior will be deprecated in the future. Please use httpSend() explicitly for REST delivery. @ https://app.flowstep.ai/assets/index-BoFqQf8U.js:104
[  323585ms] [WARNING] Realtime send() is automatically falling back to REST API. This behavior will be deprecated in the future. Please use httpSend() explicitly for REST delivery. @ https://app.flowstep.ai/assets/index-BoFqQf8U.js:104
[  323698ms] [WARNING] Realtime send() is automatically falling back to REST API. This behavior will be deprecated in the future. Please use httpSend() explicitly for REST delivery. @ https://app.flowstep.ai/assets/index-BoFqQf8U.js:104
[  324203ms] [WARNING] Realtime send() is automatically falling back to REST API. This behavior will be deprecated in the future. Please use httpSend() explicitly for REST delivery. @ https://app.flowstep.ai/assets/index-BoFqQf8U.js:104
[  324321ms] [WARNING] Realtime send() is automatically falling back to REST API. This behavior will be deprecated in the future. Please use httpSend() explicitly for REST delivery. @ https://app.flowstep.ai/assets/index-BoFqQf8U.js:104
[  324436ms] [WARNING] Realtime send() is automatically falling back to REST API. This behavior will be deprecated in the future. Please use httpSend() explicitly for REST delivery. @ https://app.flowstep.ai/assets/index-BoFqQf8U.js:104
[  324552ms] [WARNING] Realtime send() is automatically falling back to REST API. This behavior will be deprecated in the future. Please use httpSend() explicitly for REST delivery. @ https://app.flowstep.ai/assets/index-BoFqQf8U.js:104
[  324669ms] [WARNING] Realtime send() is automatically falling back to REST API. This behavior will be deprecated in the future. Please use httpSend() explicitly for REST delivery. @ https://app.flowstep.ai/assets/index-BoFqQf8U.js:104
[  324785ms] [WARNING] Realtime send() is automatically falling back to REST API. This behavior will be deprecated in the future. Please use httpSend() explicitly for REST delivery. @ https://app.flowstep.ai/assets/index-BoFqQf8U.js:104
[  324899ms] [WARNING] Realtime send() is automatically falling back to REST API. This behavior will be deprecated in the future. Please use httpSend() explicitly for REST delivery. @ https://app.flowstep.ai/assets/index-BoFqQf8U.js:104
[  325296ms] [WARNING] Realtime send() is automatically falling back to REST API. This behavior will be deprecated in the future. Please use httpSend() explicitly for REST delivery. @ https://app.flowstep.ai/assets/index-BoFqQf8U.js:104
[  325592ms] [WARNING] Realtime send() is automatically falling back to REST API. This behavior will be deprecated in the future. Please use httpSend() explicitly for REST delivery. @ https://app.flowstep.ai/assets/index-BoFqQf8U.js:104
[  325862ms] [WARNING] Realtime send() is automatically falling back to REST API. This behavior will be deprecated in the future. Please use httpSend() explicitly for REST delivery. @ https://app.flowstep.ai/assets/index-BoFqQf8U.js:104
[  326288ms] [WARNING] Realtime send() is automatically falling back to REST API. This behavior will be deprecated in the future. Please use httpSend() explicitly for REST delivery. @ https://app.flowstep.ai/assets/index-BoFqQf8U.js:104
[  326404ms] [WARNING] Realtime send() is automatically falling back to REST API. This behavior will be deprecated in the future. Please use httpSend() explicitly for REST delivery. @ https://app.flowstep.ai/assets/index-BoFqQf8U.js:104
[  326521ms] [WARNING] Realtime send() is automatically falling back to REST API. This behavior will be deprecated in the future. Please use httpSend() explicitly for REST delivery. @ https://app.flowstep.ai/assets/index-BoFqQf8U.js:104
[  326632ms] [WARNING] Realtime send() is automatically falling back to REST API. This behavior will be deprecated in the future. Please use httpSend() explicitly for REST delivery. @ https://app.flowstep.ai/assets/index-BoFqQf8U.js:104
[  326783ms] [WARNING] Realtime send() is automatically falling back to REST API. This behavior will be deprecated in the future. Please use httpSend() explicitly for REST delivery. @ https://app.flowstep.ai/assets/index-BoFqQf8U.js:104
[  327071ms] [WARNING] Realtime send() is automatically falling back to REST API. This behavior will be deprecated in the future. Please use httpSend() explicitly for REST delivery. @ https://app.flowstep.ai/assets/index-BoFqQf8U.js:104
[  327186ms] [WARNING] Realtime send() is automatically falling back to REST API. This behavior will be deprecated in the future. Please use httpSend() explicitly for REST delivery. @ https://app.flowstep.ai/assets/index-BoFqQf8U.js:104
[  327303ms] [WARNING] Realtime send() is automatically falling back to REST API. This behavior will be deprecated in the future. Please use httpSend() explicitly for REST delivery. @ https://app.flowstep.ai/assets/index-BoFqQf8U.js:104
[  327738ms] [WARNING] Realtime send() is automatically falling back to REST API. This behavior will be deprecated in the future. Please use httpSend() explicitly for REST delivery. @ https://app.flowstep.ai/assets/index-BoFqQf8U.js:104
[  327851ms] [WARNING] Realtime send() is automatically falling back to REST API. This behavior will be deprecated in the future. Please use httpSend() explicitly for REST delivery. @ https://app.flowstep.ai/assets/index-BoFqQf8U.js:104
