[     639ms] [INFO] %cDownload the React DevTools for a better development experience: https://react.dev/link/react-devtools font-weight:bold @ http://localhost:5174/node_modules/.vite/deps/react-dom_client.js?v=b4afb18f:14335
[   22550ms] [INFO] %cDownload the React DevTools for a better development experience: https://react.dev/link/react-devtools font-weight:bold @ http://localhost:5174/node_modules/.vite/deps/react-dom_client.js?v=b4afb18f:14335
[   49306ms] [WARNING] No routes matched location "/edit"  @ http://localhost:5174/@vite/client:524
[   49315ms] [WARNING] No routes matched location "/edit"  @ http://localhost:5174/@vite/client:524
[  648802ms] [INFO] %cDownload the React DevTools for a better development experience: https://react.dev/link/react-devtools font-weight:bold @ http://localhost:5174/node_modules/.vite/deps/react-dom_client.js?v=b4afb18f:14335
[  648924ms] [WARNING] No routes matched location "/edit"  @ http://localhost:5174/@vite/client:524
[  648933ms] [WARNING] No routes matched location "/edit"  @ http://localhost:5174/@vite/client:524
[  655984ms] [INFO] %cDownload the React DevTools for a better development experience: https://react.dev/link/react-devtools font-weight:bold @ http://localhost:5174/node_modules/.vite/deps/react-dom_client.js?v=b4afb18f:14335
[  656030ms] [WARNING] No routes matched location "/edit"  @ http://localhost:5174/@vite/client:524
[  656031ms] [WARNING] No routes matched location "/edit"  @ http://localhost:5174/@vite/client:524
[  659357ms] [INFO] %cDownload the React DevTools for a better development experience: https://react.dev/link/react-devtools font-weight:bold @ http://localhost:5174/node_modules/.vite/deps/react-dom_client.js?v=b4afb18f:14335
[  659402ms] [WARNING] No routes matched location "/edit"  @ http://localhost:5174/@vite/client:524
[  659403ms] [WARNING] No routes matched location "/edit"  @ http://localhost:5174/@vite/client:524
[  664325ms] [INFO] %cDownload the React DevTools for a better development experience: https://react.dev/link/react-devtools font-weight:bold @ http://localhost:5174/node_modules/.vite/deps/react-dom_client.js?v=b4afb18f:14335
[  664345ms] [WARNING] No routes matched location "/edit"  @ http://localhost:5174/@vite/client:524
[  664345ms] [WARNING] No routes matched location "/edit"  @ http://localhost:5174/@vite/client:524
[  667716ms] [INFO] %cDownload the React DevTools for a better development experience: https://react.dev/link/react-devtools font-weight:bold @ http://localhost:5174/node_modules/.vite/deps/react-dom_client.js?v=b4afb18f:14335
[  667737ms] [WARNING] No routes matched location "/edit"  @ http://localhost:5174/@vite/client:524
[  667738ms] [WARNING] No routes matched location "/edit"  @ http://localhost:5174/@vite/client:524
[  670751ms] [INFO] %cDownload the React DevTools for a better development experience: https://react.dev/link/react-devtools font-weight:bold @ http://localhost:5174/node_modules/.vite/deps/react-dom_client.js?v=b4afb18f:14335
[  670787ms] [WARNING] No routes matched location "/edit"  @ http://localhost:5174/@vite/client:524
[  670787ms] [WARNING] No routes matched location "/edit"  @ http://localhost:5174/@vite/client:524
[  673472ms] [INFO] %cDownload the React DevTools for a better development experience: https://react.dev/link/react-devtools font-weight:bold @ http://localhost:5174/node_modules/.vite/deps/react-dom_client.js?v=b4afb18f:14335
[  673486ms] [WARNING] No routes matched location "/edit"  @ http://localhost:5174/@vite/client:524
[  673487ms] [WARNING] No routes matched location "/edit"  @ http://localhost:5174/@vite/client:524
[  677724ms] [INFO] %cDownload the React DevTools for a better development experience: https://react.dev/link/react-devtools font-weight:bold @ http://localhost:5174/node_modules/.vite/deps/react-dom_client.js?v=b4afb18f:14335
[  677739ms] [WARNING] No routes matched location "/edit"  @ http://localhost:5174/@vite/client:524
[  677739ms] [WARNING] No routes matched location "/edit"  @ http://localhost:5174/@vite/client:524
[  682106ms] [INFO] %cDownload the React DevTools for a better development experience: https://react.dev/link/react-devtools font-weight:bold @ http://localhost:5174/node_modules/.vite/deps/react-dom_client.js?v=b4afb18f:14335
[  682120ms] [WARNING] No routes matched location "/edit"  @ http://localhost:5174/@vite/client:524
[  682120ms] [WARNING] No routes matched location "/edit"  @ http://localhost:5174/@vite/client:524
[  688627ms] [INFO] %cDownload the React DevTools for a better development experience: https://react.dev/link/react-devtools font-weight:bold @ http://localhost:5174/node_modules/.vite/deps/react-dom_client.js?v=b4afb18f:14335
[  688667ms] [WARNING] No routes matched location "/edit"  @ http://localhost:5174/@vite/client:524
[  688667ms] [WARNING] No routes matched location "/edit"  @ http://localhost:5174/@vite/client:524
[  691952ms] [INFO] %cDownload the React DevTools for a better development experience: https://react.dev/link/react-devtools font-weight:bold @ http://localhost:5174/node_modules/.vite/deps/react-dom_client.js?v=b4afb18f:14335
[  691971ms] [WARNING] No routes matched location "/edit"  @ http://localhost:5174/@vite/client:524
[  691971ms] [WARNING] No routes matched location "/edit"  @ http://localhost:5174/@vite/client:524
[  698198ms] [INFO] %cDownload the React DevTools for a better development experience: https://react.dev/link/react-devtools font-weight:bold @ http://localhost:5174/node_modules/.vite/deps/react-dom_client.js?v=b4afb18f:14335
[  698226ms] [WARNING] No routes matched location "/edit"  @ http://localhost:5174/@vite/client:524
[  698227ms] [WARNING] No routes matched location "/edit"  @ http://localhost:5174/@vite/client:524
[  705877ms] [INFO] %cDownload the React DevTools for a better development experience: https://react.dev/link/react-devtools font-weight:bold @ http://localhost:5174/node_modules/.vite/deps/react-dom_client.js?v=b4afb18f:14335
[  705899ms] [WARNING] No routes matched location "/edit"  @ http://localhost:5174/@vite/client:524
[  705899ms] [WARNING] No routes matched location "/edit"  @ http://localhost:5174/@vite/client:524
[  709129ms] [INFO] %cDownload the React DevTools for a better development experience: https://react.dev/link/react-devtools font-weight:bold @ http://localhost:5174/node_modules/.vite/deps/react-dom_client.js?v=b4afb18f:14335
[  709146ms] [WARNING] No routes matched location "/edit"  @ http://localhost:5174/@vite/client:524
[  709146ms] [WARNING] No routes matched location "/edit"  @ http://localhost:5174/@vite/client:524
[  712212ms] [INFO] %cDownload the React DevTools for a better development experience: https://react.dev/link/react-devtools font-weight:bold @ http://localhost:5174/node_modules/.vite/deps/react-dom_client.js?v=b4afb18f:14335
[  712231ms] [WARNING] No routes matched location "/edit"  @ http://localhost:5174/@vite/client:524
[  712231ms] [WARNING] No routes matched location "/edit"  @ http://localhost:5174/@vite/client:524
[  718130ms] [INFO] %cDownload the React DevTools for a better development experience: https://react.dev/link/react-devtools font-weight:bold @ http://localhost:5174/node_modules/.vite/deps/react-dom_client.js?v=b4afb18f:14335
[  718152ms] [WARNING] No routes matched location "/edit"  @ http://localhost:5174/@vite/client:524
[  718152ms] [WARNING] No routes matched location "/edit"  @ http://localhost:5174/@vite/client:524
[  738732ms] [INFO] %cDownload the React DevTools for a better development experience: https://react.dev/link/react-devtools font-weight:bold @ http://localhost:5174/node_modules/.vite/deps/react-dom_client.js?v=b4afb18f:14335
[  738756ms] [WARNING] No routes matched location "/edit"  @ http://localhost:5174/@vite/client:524
[  738756ms] [WARNING] No routes matched location "/edit"  @ http://localhost:5174/@vite/client:524
[  766206ms] [INFO] %cDownload the React DevTools for a better development experience: https://react.dev/link/react-devtools font-weight:bold @ http://localhost:5174/node_modules/.vite/deps/react-dom_client.js?v=b4afb18f:14335
[  766222ms] [WARNING] No routes matched location "/edit"  @ http://localhost:5174/@vite/client:524
[  766223ms] [WARNING] No routes matched location "/edit"  @ http://localhost:5174/@vite/client:524
[  776590ms] [ERROR] WebSocket connection to 'ws://localhost:5174/?token=tlhGbJBpdaX3' failed:  @ http://localhost:5174/@vite/client:864
[  776592ms] [LOG] [vite] server connection lost. Polling for restart... @ http://localhost:5174/@vite/client:992
[  778864ms] [INFO] %cDownload the React DevTools for a better development experience: https://react.dev/link/react-devtools font-weight:bold @ http://localhost:5174/node_modules/.vite/deps/react-dom_client.js?v=b4afb18f:14335
[  778884ms] [WARNING] No routes matched location "/edit"  @ http://localhost:5174/@vite/client:524
[  778885ms] [WARNING] No routes matched location "/edit"  @ http://localhost:5174/@vite/client:524
