[   12012ms] [WARNING] [resolveWireframe] has encountered an unknown element type Lucide.Waveform. It will be replaced with a div element. @ https://app.flowstep.ai/assets/index-BoFqQf8U.js:104
[   12014ms] [WARNING] [resolveWireframe] has encountered an unknown element type Lucide.Github. It will be replaced with a div element. @ https://app.flowstep.ai/assets/index-BoFqQf8U.js:104
[   12014ms] [WARNING] [resolveWireframe] has encountered an unknown element type Lucide.Chrome. It will be replaced with a div element. @ https://app.flowstep.ai/assets/index-BoFqQf8U.js:104
[   12322ms] [WARNING] [resolveWireframe] has encountered an unknown element type Lucide.Youtube. It will be replaced with a div element. @ https://app.flowstep.ai/assets/index-BoFqQf8U.js:104
[   12571ms] [WARNING] [resolveWireframe] has encountered an unknown element type Lucide.Youtube. It will be replaced with a div element. @ https://app.flowstep.ai/assets/index-BoFqQf8U.js:104
[   12620ms] [WARNING] [resolveWireframe] has encountered an unknown element type Lucide.Waveform. It will be replaced with a div element. @ https://app.flowstep.ai/assets/index-BoFqQf8U.js:104
[   12623ms] [WARNING] [resolveWireframe] has encountered an unknown element type Lucide.Github. It will be replaced with a div element. @ https://app.flowstep.ai/assets/index-BoFqQf8U.js:104
[   12623ms] [WARNING] [resolveWireframe] has encountered an unknown element type Lucide.Chrome. It will be replaced with a div element. @ https://app.flowstep.ai/assets/index-BoFqQf8U.js:104
[   12756ms] [WARNING] [resolveWireframe] has encountered an unknown element type Lucide.Youtube. It will be replaced with a div element. @ https://app.flowstep.ai/assets/index-BoFqQf8U.js:104
[   12990ms] [WARNING] [resolveWireframe] has encountered an unknown element type Lucide.Youtube. It will be replaced with a div element. @ https://app.flowstep.ai/assets/index-BoFqQf8U.js:104
[   13032ms] [WARNING] [resolveWireframe] has encountered an unknown element type Lucide.Waveform. It will be replaced with a div element. @ https://app.flowstep.ai/assets/index-BoFqQf8U.js:104
[   13033ms] [WARNING] [resolveWireframe] has encountered an unknown element type Lucide.Github. It will be replaced with a div element. @ https://app.flowstep.ai/assets/index-BoFqQf8U.js:104
[   13033ms] [WARNING] [resolveWireframe] has encountered an unknown element type Lucide.Chrome. It will be replaced with a div element. @ https://app.flowstep.ai/assets/index-BoFqQf8U.js:104
[  161804ms] [WARNING] Realtime connection issues on file (CHANNEL_ERROR); reconnecting in 1000ms @ https://app.flowstep.ai/assets/index-BoFqQf8U.js:104
[  167555ms] [WARNING] [resolveWireframe] has encountered an unknown element type Lucide.Youtube. It will be replaced with a div element. @ https://app.flowstep.ai/assets/index-BoFqQf8U.js:104
[  167574ms] [WARNING] [resolveWireframe] has encountered an unknown element type Lucide.Waveform. It will be replaced with a div element. @ https://app.flowstep.ai/assets/index-BoFqQf8U.js:104
[  167575ms] [WARNING] [resolveWireframe] has encountered an unknown element type Lucide.Github. It will be replaced with a div element. @ https://app.flowstep.ai/assets/index-BoFqQf8U.js:104
[  167575ms] [WARNING] [resolveWireframe] has encountered an unknown element type Lucide.Chrome. It will be replaced with a div element. @ https://app.flowstep.ai/assets/index-BoFqQf8U.js:104
[  167763ms] [WARNING] [resolveWireframe] has encountered an unknown element type Lucide.Waveform. It will be replaced with a div element. @ https://app.flowstep.ai/assets/index-BoFqQf8U.js:104
[  167764ms] [WARNING] [resolveWireframe] has encountered an unknown element type Lucide.Github. It will be replaced with a div element. @ https://app.flowstep.ai/assets/index-BoFqQf8U.js:104
[  167764ms] [WARNING] [resolveWireframe] has encountered an unknown element type Lucide.Chrome. It will be replaced with a div element. @ https://app.flowstep.ai/assets/index-BoFqQf8U.js:104
[  167771ms] [WARNING] [resolveWireframe] has encountered an unknown element type Lucide.Waveform. It will be replaced with a div element. @ https://app.flowstep.ai/assets/index-BoFqQf8U.js:104
[  167772ms] [WARNING] [resolveWireframe] has encountered an unknown element type Lucide.Github. It will be replaced with a div element. @ https://app.flowstep.ai/assets/index-BoFqQf8U.js:104
[  167772ms] [WARNING] [resolveWireframe] has encountered an unknown element type Lucide.Chrome. It will be replaced with a div element. @ https://app.flowstep.ai/assets/index-BoFqQf8U.js:104
[  167881ms] [WARNING] [resolveWireframe] has encountered an unknown element type Lucide.Youtube. It will be replaced with a div element. @ https://app.flowstep.ai/assets/index-BoFqQf8U.js:104
[  167892ms] [WARNING] [resolveWireframe] has encountered an unknown element type Lucide.Youtube. It will be replaced with a div element. @ https://app.flowstep.ai/assets/index-BoFqQf8U.js:104
